2020.09.05 02:33:34 INFO  started: Metals version 0.9.3 in workspace '/home/taika/documents/scala/coursera/scala-design/week2/streams_1' for client vscode.
2020.09.05 02:33:36 INFO  time: initialize in 1.51s
2020.09.05 02:33:36 INFO  no build target: using presentation compiler with only scala-library
2020.09.05 02:33:39 WARN  no build target for: /home/taika/documents/scala/coursera/scala-design/week2/streams_1/src/main/scala/streams/Solver.scala
Sep 05, 2020 2:33:39 AM org.eclipse.lsp4j.jsonrpc.RemoteEndpoint handleCancellation
WARNING: Unmatched cancel notification for request id 4
Sep 05, 2020 2:33:39 AM org.eclipse.lsp4j.jsonrpc.RemoteEndpoint handleCancellation
WARNING: Unmatched cancel notification for request id 2
2020.09.05 02:33:39 WARN  no build target for: /home/taika/documents/scala/coursera/scala-design/week2/streams_1/src/main/scala/streams/Bloxorz.scala
2020.09.05 02:33:39 INFO  running '/nix/store/z3rzad5q85fbk5yjwx0wdx6rffqzjvh7-openjdk-11.0.8+10/bin/java -Djline.terminal=jline.UnsupportedTerminal -Dsbt.log.noformat=true -Dfile.encoding=UTF-8 -jar /tmp/metals8200605656063991252/sbt-launch.jar -Dbloop.export-jar-classifiers=sources bloopInstall'
2020.09.05 02:33:39 INFO  skipping build import with status 'Started'
2020.09.05 02:33:43 INFO  [info] Loading global plugins from /home/taika/.sbt/1.0/plugins
2020.09.05 02:33:47 INFO  [info] Loading settings for project streams_1-build-build-build from metals.sbt ...
2020.09.05 02:33:47 INFO  [info] Loading project definition from /home/taika/documents/scala/coursera/scala-design/week2/streams_1/project/project/project
2020.09.05 02:33:47 INFO  [info] Updating ProjectRef(uri("file:/home/taika/documents/scala/coursera/scala-design/week2/streams_1/project/project/project/"), "streams_1-build-build-build")...
2020.09.05 02:33:50 INFO  [info] Done updating.
2020.09.05 02:33:50 INFO  [info] Loading settings for project streams_1-build-build from metals.sbt ...
2020.09.05 02:33:51 INFO  [info] Loading project definition from /home/taika/documents/scala/coursera/scala-design/week2/streams_1/project/project
2020.09.05 02:33:51 INFO  [info] Updating ProjectRef(uri("file:/home/taika/documents/scala/coursera/scala-design/week2/streams_1/project/project/"), "streams_1-build-build")...
2020.09.05 02:33:52 INFO  [info] Done updating.
2020.09.05 02:33:54 INFO  [success] Generated .bloop/streams_1-build-build.json
2020.09.05 02:33:54 INFO  [success] Total time: 3 s, completed Sep 5, 2020, 2:33:54 AM
2020.09.05 02:33:55 WARN  no build target for: /home/taika/documents/scala/coursera/scala-design/week2/streams_1/src/main/scala/streams/Solver.scala
2020.09.05 02:33:57 INFO  [info] Loading settings for project streams_1-build from metals.sbt,plugins.sbt,buildSettings.sbt ...
2020.09.05 02:33:57 INFO  [info] Loading project definition from /home/taika/documents/scala/coursera/scala-design/week2/streams_1/project
2020.09.05 02:33:57 INFO  [info] Updating ProjectRef(uri("file:/home/taika/documents/scala/coursera/scala-design/week2/streams_1/project/"), "streams_1-build")...
2020.09.05 02:33:59 INFO  [info] Done updating.
2020.09.05 02:33:59 INFO  [warn] There may be incompatibilities among your library dependencies; run 'evicted' to see detailed eviction warnings.
2020.09.05 02:33:59 INFO  [success] Generated .bloop/streams_1-build.json
2020.09.05 02:33:59 INFO  [info] Compiling 2 Scala sources to /home/taika/documents/scala/coursera/scala-design/week2/streams_1/project/target/scala-2.12/sbt-1.0/classes ...
2020.09.05 02:34:04 INFO  [info] Done compiling.
2020.09.05 02:34:04 ERROR WARNING: An illegal reflective access operation has occurred
2020.09.05 02:34:04 ERROR WARNING: Illegal reflective access by com.google.protobuf.UnsafeUtil (file:/home/taika/.sbt/boot/scala-2.12.7/org.scala-sbt/sbt/1.2.8/protobuf-java-3.3.1.jar) to field java.nio.Buffer.address
2020.09.05 02:34:04 ERROR WARNING: Please consider reporting this to the maintainers of com.google.protobuf.UnsafeUtil
2020.09.05 02:34:04 ERROR WARNING: Use --illegal-access=warn to enable warnings of further illegal reflective access operations
2020.09.05 02:34:04 ERROR WARNING: All illegal access operations will be denied in a future release
2020.09.05 02:34:04 INFO  [success] Total time: 7 s, completed Sep 5, 2020, 2:34:04 AM
2020.09.05 02:34:07 INFO  [info] Loading settings for project streams_1 from build.sbt,assignment.sbt ...
2020.09.05 02:34:07 INFO  [info] Set current project to progfun2-streams (in build file:/home/taika/documents/scala/coursera/scala-design/week2/streams_1/)
2020.09.05 02:34:07 INFO  [success] Generated .bloop/streams_1.json
2020.09.05 02:34:07 INFO  [success] Generated .bloop/streams_1-test.json
2020.09.05 02:34:07 INFO  [success] Total time: 1 s, completed Sep 5, 2020, 2:34:07 AM
2020.09.05 02:34:08 INFO  time: ran 'sbt bloopInstall' in 28s
2020.09.05 02:34:07 INFO  build tool exit: 0
Starting the bsp launcher for bloop...
Opening a bsp server connection with 'bsp --protocol local --socket /tmp/bsp-launcher3676426959766617285/bsp.socket'...
Waiting for the bsp connection to come up...
[0m[32m[D][0m Loading 2 projects from '/home/taika/documents/scala/coursera/scala-design/week2/streams_1/.bloop'...
[0m[32m[D][0m Loading project from '/home/taika/documents/scala/coursera/scala-design/week2/streams_1/.bloop/streams_1.json'
[0m[32m[D][0m Loading project from '/home/taika/documents/scala/coursera/scala-design/week2/streams_1/.bloop/streams_1-test.json'
[0m[32m[D][0m Missing analysis file for project 'streams_1-test'
[0m[32m[D][0m Missing analysis file for project 'streams_1'
[0m[32m[D][0m Waiting for a connection at local:///tmp/bsp-launcher3676426959766617285/bsp.socket...
The server is listening for incoming connections at local:///tmp/bsp-launcher3676426959766617285/bsp.socket...
Starting thread that pumps stdin and redirects it to the bsp server...
Starting thread that pumps server stdout and redirects it to the client stdout...
2020.09.05 02:34:08 INFO  tracing is disabled for protocol BSP, to enable tracing of incoming and outgoing JSON messages create an empty file at /home/taika/.cache/metals/bsp.trace.json
Starting the bsp launcher for bloop...
Starting the bsp launcher for bloop...
Opening a bsp server connection with 'bsp --protocol local --socket /tmp/bsp-launcher18216611983044787209/bsp.socket'...
Opening a bsp server connection with 'bsp --protocol local --socket /tmp/bsp-launcher14173175361435460327/bsp.socket'...
Waiting for the bsp connection to come up...
Waiting for the bsp connection to come up...
[0m[32m[D][0m Loading workspace settings from bloop.settings.json
[0m[32m[D][0m Waiting for a connection at local:///tmp/bsp-launcher18216611983044787209/bsp.socket...
The server is listening for incoming connections at local:///tmp/bsp-launcher18216611983044787209/bsp.socket...
Starting thread that pumps stdin and redirects it to the bsp server...
Starting thread that pumps server stdout and redirects it to the client stdout...
2020.09.05 02:34:08 INFO  tracing is disabled for protocol BSP, to enable tracing of incoming and outgoing JSON messages create an empty file at /home/taika/.cache/metals/bsp.trace.json
[0m[32m[D][0m Loading workspace settings from bloop.settings.json
[0m[32m[D][0m Waiting for a connection at local:///tmp/bsp-launcher14173175361435460327/bsp.socket...
The server is listening for incoming connections at local:///tmp/bsp-launcher14173175361435460327/bsp.socket...
Starting thread that pumps stdin and redirects it to the bsp server...
Starting thread that pumps server stdout and redirects it to the client stdout...
2020.09.05 02:34:08 INFO  tracing is disabled for protocol BSP, to enable tracing of incoming and outgoing JSON messages create an empty file at /home/taika/.cache/metals/bsp.trace.json
2020.09.05 02:34:08 INFO  time: connected to build server in 0.3s
2020.09.05 02:34:08 INFO  Connected to Build server v1.4.3-23-550c6c0a
2020.09.05 02:34:10 WARN  Could not find java sources in None. Java symbols will not be available.
2020.09.05 02:34:12 ERROR code navigation does not work for the file '/home/taika/documents/scala/coursera/scala-design/week2/streams_1/src/main/scala/streams/Solver.scala' because the SemanticDB file '/home/taika/documents/scala/coursera/scala-design/week2/streams_1/.bloop/streams_1/bloop-bsp-clients-classes/classes-Metals-hs7UBHT-SPKPYZeqNneDwA==/META-INF/semanticdb/src/main/scala/streams/Solver.scala.semanticdb' doesn't exist. There can be many reasons for this error. 
2020.09.05 02:34:13 INFO  time: indexed workspace in 4.83s
2020.09.05 02:34:22 INFO  Deduplicating compilation of streams_1 from bsp client 'Metals 0.9.3' (since 14.328s)
2020.09.05 02:34:22 INFO  compiling streams_1 (5 scala sources)
2020.09.05 02:34:22 INFO  compiling streams_1 (5 scala sources)
2020.09.05 02:34:24 INFO  compiling streams_1-test (1 scala source)
2020.09.05 02:34:24 INFO  time: compiled streams_1 in 1.54s
2020.09.05 02:34:24 INFO  time: compiled streams_1-test in 0.83s
2020.09.05 02:34:31 INFO  compiling streams_1 (1 scala source)
2020.09.05 02:34:31 INFO  time: compiled streams_1 in 0.76s
2020.09.05 02:34:31 INFO  compiling streams_1 (1 scala source)
2020.09.05 02:34:32 INFO  time: compiled streams_1 in 0.28s
2020.09.05 02:34:51 INFO  compiling streams_1 (1 scala source)
2020.09.05 02:34:51 INFO  time: compiled streams_1 in 0.81s
2020.09.05 02:34:51 INFO  compiling streams_1 (5 scala sources)
2020.09.05 02:34:53 INFO  time: compiled streams_1 in 0.7s
2020.09.05 03:10:29 INFO  shutting down Metals
No more data in the client stdin, exiting...
No more data in the client stdin, exiting...
No more data in the client stdin, exiting...
No more data in the server stdin, exiting...
No more data in the server stdin, exiting...
No more data in the server stdin, exiting...
No more data in the server stdin, exiting...
No more data in the server stdin, exiting...
No more data in the server stdin, exiting...
